[Step1] Generating redesigned connected farm map...
[Step1] Saved map JSON: F:\实验\ICACR 2026\03_scripts\rice-crayfish-uav-inspection\data\simulated_farm_map.json
[Step1] Saved map figure: F:\实验\ICACR 2026\03_scripts\rice-crayfish-uav-inspection\results\figures\fig1_simulated_farm_map.png
[Step1] Saved checkpoint: F:\实验\ICACR 2026\03_scripts\rice-crayfish-uav-inspection\checkpoints\01_map_generation.md
[Step2] Generating multisource risk layers...
[Step2] Saved risk layers: F:\实验\ICACR 2026\03_scripts\rice-crayfish-uav-inspection\data\risk_layers.npz
[Step2] Saved risk metadata: F:\实验\ICACR 2026\03_scripts\rice-crayfish-uav-inspection\data\risk_metadata.json
[Step2] High-risk cells: 113, truth cells: 606
[Step3] Generating routes for all planners...
[Step3] Fixed route: waypoints=30, distance=6686.42 m, collisions=0
[Step3] Standard CPP: waypoints=50, distance=12731.26 m, collisions=0
[Step3] Key-point TSP: waypoints=61, distance=5542.60 m, collisions=0
[Step3] IPP baseline: waypoints=74, distance=5027.34 m, collisions=0
[Step3] Proposed method: waypoints=77, distance=12811.70 m, collisions=0
[Step3] Saved routes: F:\实验\ICACR 2026\03_scripts\rice-crayfish-uav-inspection\data\routes.json
[Step3] Saved route figure: F:\实验\ICACR 2026\03_scripts\rice-crayfish-uav-inspection\results\figures\fig4_route_comparison.png
[Step4] Running main comparison experiment...
[Step4] Saved settings table: F:\实验\ICACR 2026\03_scripts\rice-crayfish-uav-inspection\results\tables\table1_simulation_settings.csv
[Step4] Saved main comparison table: F:\实验\ICACR 2026\03_scripts\rice-crayfish-uav-inspection\results\tables\table2_main_comparison.csv
[Step4] Saved main metrics figure: F:\实验\ICACR 2026\03_scripts\rice-crayfish-uav-inspection\results\figures\fig5_main_metrics_bar.png
[Step4] Main comparison preview:
         method  total_distance_m  high_risk_coverage_rate  abnormality_detection_rate  missed_risk_rate
    Fixed route       6686.417657                 0.672566                    0.564356          0.435644
   Standard CPP      12731.259280                 0.805310                    0.734323          0.265677
  Key-point TSP       5542.604761                 0.619469                    0.463696          0.536304
   IPP baseline       5027.335173                 0.920354                    0.496700          0.503300
Proposed method      12811.701461                 0.938053                    0.793729          0.206271
[Step5] Running ablation experiment...
[Step5] Saved ablation table: F:\实验\ICACR 2026\03_scripts\rice-crayfish-uav-inspection\results\tables\table3_ablation.csv
[Step5] Saved ablation figure: F:\实验\ICACR 2026\03_scripts\rice-crayfish-uav-inspection\results\figures\fig6_ablation_results.png
              ablation  total_distance_m  high_risk_coverage_rate  abnormality_detection_rate  missed_risk_rate
            Full model      12811.701461                 0.938053                    0.793729          0.206271
               w/o K_i      12790.465636                 0.805310                    0.726073          0.273927
               w/o S_i      12785.134099                 0.840708                    0.754125          0.245875
w/o adaptive insertion      12731.259280                 0.805310                    0.734323          0.265677
[Step6] Running threshold sensitivity experiment...
[Step6] Saved threshold table: F:\实验\ICACR 2026\03_scripts\rice-crayfish-uav-inspection\results\tables\table4_threshold_sensitivity.csv
[Step6] Saved threshold figure: F:\实验\ICACR 2026\03_scripts\rice-crayfish-uav-inspection\results\figures\fig7_threshold_sensitivity.png
 tau  inserted_points  total_distance_m  high_risk_coverage_rate  abnormality_detection_rate  missed_risk_rate
 0.5               69      12970.426667                 0.858407                    0.764026          0.235974
 0.6               76      13279.452708                 0.902655                    0.805281          0.194719
 0.7               51      12811.701461                 0.938053                    0.793729          0.206271
 0.8               33      12991.859233                 0.920354                    0.735974          0.264026
[Step7b] Running grid-resolution sensitivity experiment...
[Step7b] Saved grid table: F:\实验\ICACR 2026\03_scripts\rice-crayfish-uav-inspection\results\tables\table5_grid_sensitivity.csv
[Step7b] Saved grid figure: F:\实验\ICACR 2026\03_scripts\rice-crayfish-uav-inspection\results\figures\fig8_grid_sensitivity.png
 grid_size_m  n_cells  runtime_s  total_distance_m  high_risk_coverage_rate  abnormality_detection_rate  obstacle_collisions
          10    10000   0.010342      12879.961589                 0.911504                    0.770627                    0
          20     2500   0.005920      12911.637789                 0.911504                    0.797030                    0
          30     1089   0.005196      12753.309392                 0.929204                    0.787129                    0
          40      625   0.004626      12805.743699                 0.884956                    0.764026                    0
[Step7] Running extra budget sensitivity experiment...
[Step7] Saved budget table: F:\实验\ICACR 2026\03_scripts\rice-crayfish-uav-inspection\results\tables\table6_extra_budget_sensitivity.csv
[Step7] Saved budget figure: F:\实验\ICACR 2026\03_scripts\rice-crayfish-uav-inspection\results\figures\fig9_extra_budget_sensitivity.png
 extra_budget_ratio  inserted_points  total_distance_m  high_risk_coverage_rate  abnormality_detection_rate
              0.002               66      12962.449257                 0.858407                    0.752475
              0.005               69      12970.426667                 0.858407                    0.764026
              0.010               69      12970.426667                 0.858407                    0.764026
              0.020               69      12970.426667                 0.858407                    0.764026
              0.050               69      12970.426667                 0.858407                    0.764026
[Step8] Running noise robustness experiment...
[Step8] Saved noise table: F:\实验\ICACR 2026\03_scripts\rice-crayfish-uav-inspection\results\tables\table7_noise_robustness.csv
[Step8] Saved noise figure: F:\实验\ICACR 2026\03_scripts\rice-crayfish-uav-inspection\results\figures\fig10_noise_robustness.png
 noise_level  total_distance_m  high_risk_coverage_rate  abnormality_detection_rate  missed_risk_rate
        0.00      12811.701461                 0.938053                    0.793729          0.206271
        0.05      12954.614690                 0.927434                    0.793399          0.206601
        0.10      13026.299435                 0.929204                    0.791419          0.208581
        0.20      13113.677113                 0.913274                    0.795380          0.204620
        0.30      13104.840892                 0.877876                    0.811881          0.188119
[Step9] Running sensor missing robustness experiment...
[Step9] Saved sensor missing table: F:\实验\ICACR 2026\03_scripts\rice-crayfish-uav-inspection\results\tables\table8_sensor_missing.csv
[Step9] Saved sensor missing figure: F:\实验\ICACR 2026\03_scripts\rice-crayfish-uav-inspection\results\figures\fig11_sensor_missing.png
 sensor_keep_ratio  kept_sensor_count  high_risk_coverage_rate  abnormality_detection_rate  missed_risk_rate
              1.00               10.0                 0.938053                    0.792079          0.207921
              0.75                8.0                 0.907965                    0.789109          0.210891
              0.50                5.0                 0.927434                    0.794389          0.205611
              0.25                2.0                 0.899115                    0.754785          0.245215
[Step10] Running battery constraint experiment...
[Step10] Saved battery table: F:\实验\ICACR 2026\03_scripts\rice-crayfish-uav-inspection\results\tables\table9_battery_constraint.csv
[Step10] Saved battery figure: F:\实验\ICACR 2026\03_scripts\rice-crayfish-uav-inspection\results\figures\fig12_battery_constraint.png
 budget_factor  max_distance_m  total_distance_m  within_budget  high_risk_coverage_rate  abnormality_detection_rate
          0.80    10185.007424       6952.062753           True                 0.929204                    0.589109
          0.90    11458.133352       6952.062753           True                 0.929204                    0.589109
          1.00    12731.259280      12731.259280           True                 0.805310                    0.734323
          1.05    13367.822244      12811.701461           True                 0.938053                    0.793729
          1.10    14004.385208      12811.701461           True                 0.938053                    0.793729
[Supplement A] Running multi-seed robustness experiment...
[Supplement A] Saved detailed table: F:\实验\ICACR 2026\03_scripts\rice-crayfish-uav-inspection\results\tables\table10_multi_seed_statistics.csv
[Supplement A] Saved summary table: F:\实验\ICACR 2026\03_scripts\rice-crayfish-uav-inspection\results\tables\table10_multi_seed_summary.csv
[Supplement A] Saved figure: F:\实验\ICACR 2026\03_scripts\rice-crayfish-uav-inspection\results\figures\fig13_multi_seed_boxplot.png
         method  high_risk_coverage_rate_mean  high_risk_coverage_rate_std  abnormality_detection_rate_mean  abnormality_detection_rate_std  obstacle_collisions_mean
    Fixed route                      0.487916                     0.111449                         0.508752                        0.032820                       0.0
   Standard CPP                      0.792199                     0.080055                         0.755445                        0.037170                       0.0
  Key-point TSP                      0.767811                     0.104631                         0.562305                        0.076889                       0.0
   IPP baseline                      0.954998                     0.033666                         0.494900                        0.040072                       0.0
Proposed method                      0.971668                     0.019439                         0.823454                        0.038579                       0.0
[Supplement B] Running risk-weight sensitivity experiment...
[Supplement B] Saved table: F:\实验\ICACR 2026\03_scripts\rice-crayfish-uav-inspection\results\tables\table11_weight_sensitivity.csv
[Supplement B] Saved figure: F:\实验\ICACR 2026\03_scripts\rice-crayfish-uav-inspection\results\figures\fig14_weight_sensitivity.png
     weight_scheme  total_distance_m  high_risk_coverage_rate  abnormality_detection_rate  missed_risk_rate  obstacle_collisions
          Balanced      12811.701461                 0.938053                    0.793729          0.206271                    0
     Equal weights      13135.301807                 0.929204                    0.788779          0.211221                    0
   Vision-dominant      12948.006871                 0.902655                    0.749175          0.250825                    0
   Sensor-dominant      12922.193266                 0.920354                    0.792079          0.207921                    0
Structure-dominant      12913.919487                 0.911504                    0.755776          0.244224                    0
[Supplement C] Running abnormality-density sensitivity experiment...
[Supplement C] Saved table: F:\实验\ICACR 2026\03_scripts\rice-crayfish-uav-inspection\results\tables\table12_abnormality_density.csv
[Supplement C] Saved figure: F:\实验\ICACR 2026\03_scripts\rice-crayfish-uav-inspection\results\figures\fig15_abnormality_density.png
density_level          method  truth_cells  high_risk_cells  high_risk_coverage_rate  abnormality_detection_rate  obstacle_collisions
          Low     Fixed route          325               28                 0.571429                    0.366154                    0
          Low    Standard CPP          325               28                 0.750000                    0.747692                    0
          Low Proposed method          325               28                 1.000000                    0.895385                    0
       Medium     Fixed route          478               86                 0.686047                    0.474895                    0
       Medium    Standard CPP          478               86                 0.883721                    0.788703                    0
       Medium Proposed method          478               86                 1.000000                    0.849372                    0
         High     Fixed route          801              166                 0.572289                    0.501873                    0
         High    Standard CPP          801              166                 0.861446                    0.784020                    0
         High Proposed method          801              166                 0.975904                    0.833958                    0
    Very high     Fixed route          948              235                 0.548936                    0.498945                    0
    Very high    Standard CPP          948              235                 0.838298                    0.792194                    0
    Very high Proposed method          948              235                 0.987234                    0.854430                    0
[Step1] Generating redesigned connected farm map...
[Step1] Saved map JSON: F:\实验\ICACR 2026\03_scripts\rice-crayfish-uav-inspection\data\simulated_farm_map.json
[Step1] Saved map figure: F:\实验\ICACR 2026\03_scripts\rice-crayfish-uav-inspection\results\figures\fig1_simulated_farm_map.png
[Step1] Saved checkpoint: F:\实验\ICACR 2026\03_scripts\rice-crayfish-uav-inspection\checkpoints\01_map_generation.md
[Step2] Generating multisource risk layers...
[Step2] Saved risk layers: F:\实验\ICACR 2026\03_scripts\rice-crayfish-uav-inspection\data\risk_layers.npz
[Step2] Saved risk metadata: F:\实验\ICACR 2026\03_scripts\rice-crayfish-uav-inspection\data\risk_metadata.json
[Step2] High-risk cells: 113, truth cells: 606
[Step3] Generating routes for all planners...
[Step3] Fixed route: waypoints=30, distance=6686.42 m, collisions=0
[Step3] Standard CPP: waypoints=50, distance=12731.26 m, collisions=0
[Step3] Key-point TSP: waypoints=61, distance=5542.60 m, collisions=0
[Step3] IPP baseline: waypoints=74, distance=5027.34 m, collisions=0
[Step3] Proposed method: waypoints=77, distance=12811.70 m, collisions=0
[Step3] Saved routes: F:\实验\ICACR 2026\03_scripts\rice-crayfish-uav-inspection\data\routes.json
[Step3] Saved route figure: F:\实验\ICACR 2026\03_scripts\rice-crayfish-uav-inspection\results\figures\fig4_route_comparison.png
[Step4] Running main comparison experiment...
[Step4] Saved settings table: F:\实验\ICACR 2026\03_scripts\rice-crayfish-uav-inspection\results\tables\table1_simulation_settings.csv
[Step4] Saved main comparison table: F:\实验\ICACR 2026\03_scripts\rice-crayfish-uav-inspection\results\tables\table2_main_comparison.csv
[Step4] Saved main metrics figure: F:\实验\ICACR 2026\03_scripts\rice-crayfish-uav-inspection\results\figures\fig5_main_metrics_bar.png
[Step4] Main comparison preview:
         method  total_distance_m  high_risk_coverage_rate  abnormality_detection_rate  missed_risk_rate
    Fixed route       6686.417657                 0.672566                    0.564356          0.435644
   Standard CPP      12731.259280                 0.805310                    0.734323          0.265677
  Key-point TSP       5542.604761                 0.619469                    0.463696          0.536304
   IPP baseline       5027.335173                 0.920354                    0.496700          0.503300
Proposed method      12811.701461                 0.938053                    0.793729          0.206271
[Step5] Running ablation experiment...
[Step5] Saved ablation table: F:\实验\ICACR 2026\03_scripts\rice-crayfish-uav-inspection\results\tables\table3_ablation.csv
[Step5] Saved ablation figure: F:\实验\ICACR 2026\03_scripts\rice-crayfish-uav-inspection\results\figures\fig6_ablation_results.png
              ablation  total_distance_m  high_risk_coverage_rate  abnormality_detection_rate  missed_risk_rate
            Full model      12811.701461                 0.938053                    0.793729          0.206271
               w/o K_i      12790.465636                 0.805310                    0.726073          0.273927
               w/o S_i      12785.134099                 0.840708                    0.754125          0.245875
w/o adaptive insertion      12731.259280                 0.805310                    0.734323          0.265677
[Step6] Running threshold sensitivity experiment...
[Step6] Saved threshold table: F:\实验\ICACR 2026\03_scripts\rice-crayfish-uav-inspection\results\tables\table4_threshold_sensitivity.csv
[Step6] Saved threshold figure: F:\实验\ICACR 2026\03_scripts\rice-crayfish-uav-inspection\results\figures\fig7_threshold_sensitivity.png
 tau  inserted_points  total_distance_m  high_risk_coverage_rate  abnormality_detection_rate  missed_risk_rate
 0.5               69      12970.426667                 0.858407                    0.764026          0.235974
 0.6               76      13279.452708                 0.902655                    0.805281          0.194719
 0.7               51      12811.701461                 0.938053                    0.793729          0.206271
 0.8               33      12991.859233                 0.920354                    0.735974          0.264026
[Step7b] Running grid-resolution sensitivity experiment...
[Step7b] Saved grid table: F:\实验\ICACR 2026\03_scripts\rice-crayfish-uav-inspection\results\tables\table5_grid_sensitivity.csv
[Step7b] Saved grid figure: F:\实验\ICACR 2026\03_scripts\rice-crayfish-uav-inspection\results\figures\fig8_grid_sensitivity.png
 grid_size_m  n_cells  runtime_s  total_distance_m  high_risk_coverage_rate  abnormality_detection_rate  obstacle_collisions
          10    10000   0.010254      12879.961589                 0.911504                    0.770627                    0
          20     2500   0.006217      12911.637789                 0.911504                    0.797030                    0
          30     1089   0.005205      12753.309392                 0.929204                    0.787129                    0
          40      625   0.004606      12805.743699                 0.884956                    0.764026                    0
[Step7] Running extra budget sensitivity experiment...
[Step7] Saved budget table: F:\实验\ICACR 2026\03_scripts\rice-crayfish-uav-inspection\results\tables\table6_extra_budget_sensitivity.csv
[Step7] Saved budget figure: F:\实验\ICACR 2026\03_scripts\rice-crayfish-uav-inspection\results\figures\fig9_extra_budget_sensitivity.png
 extra_budget_ratio  inserted_points  total_distance_m  high_risk_coverage_rate  abnormality_detection_rate
              0.002               66      12962.449257                 0.858407                    0.752475
              0.005               69      12970.426667                 0.858407                    0.764026
              0.010               69      12970.426667                 0.858407                    0.764026
              0.020               69      12970.426667                 0.858407                    0.764026
              0.050               69      12970.426667                 0.858407                    0.764026
[Step8] Running noise robustness experiment...
[Step8] Saved noise table: F:\实验\ICACR 2026\03_scripts\rice-crayfish-uav-inspection\results\tables\table7_noise_robustness.csv
[Step8] Saved noise figure: F:\实验\ICACR 2026\03_scripts\rice-crayfish-uav-inspection\results\figures\fig10_noise_robustness.png
 noise_level  total_distance_m  high_risk_coverage_rate  abnormality_detection_rate  missed_risk_rate
        0.00      12811.701461                 0.938053                    0.793729          0.206271
        0.05      12954.614690                 0.927434                    0.793399          0.206601
        0.10      13026.299435                 0.929204                    0.791419          0.208581
        0.20      13113.677113                 0.913274                    0.795380          0.204620
        0.30      13104.840892                 0.877876                    0.811881          0.188119
[Step9] Running sensor missing robustness experiment...
[Step9] Saved sensor missing table: F:\实验\ICACR 2026\03_scripts\rice-crayfish-uav-inspection\results\tables\table8_sensor_missing.csv
[Step9] Saved sensor missing figure: F:\实验\ICACR 2026\03_scripts\rice-crayfish-uav-inspection\results\figures\fig11_sensor_missing.png
 sensor_keep_ratio  kept_sensor_count  high_risk_coverage_rate  abnormality_detection_rate  missed_risk_rate
              1.00               10.0                 0.938053                    0.792079          0.207921
              0.75                8.0                 0.907965                    0.789109          0.210891
              0.50                5.0                 0.927434                    0.794389          0.205611
              0.25                2.0                 0.899115                    0.754785          0.245215
[Step10] Running battery constraint experiment...
[Step10] Saved battery table: F:\实验\ICACR 2026\03_scripts\rice-crayfish-uav-inspection\results\tables\table9_battery_constraint.csv
[Step10] Saved battery figure: F:\实验\ICACR 2026\03_scripts\rice-crayfish-uav-inspection\results\figures\fig12_battery_constraint.png
 budget_factor  max_distance_m  total_distance_m  within_budget  high_risk_coverage_rate  abnormality_detection_rate
          0.80    10185.007424       6952.062753           True                 0.929204                    0.589109
          0.90    11458.133352       6952.062753           True                 0.929204                    0.589109
          1.00    12731.259280      12731.259280           True                 0.805310                    0.734323
          1.05    13367.822244      12811.701461           True                 0.938053                    0.793729
          1.10    14004.385208      12811.701461           True                 0.938053                    0.793729
[Supplement A] Running multi-seed robustness experiment...
[Supplement A] Saved detailed table: F:\实验\ICACR 2026\03_scripts\rice-crayfish-uav-inspection\results\tables\table10_multi_seed_statistics.csv
[Supplement A] Saved summary table: F:\实验\ICACR 2026\03_scripts\rice-crayfish-uav-inspection\results\tables\table10_multi_seed_summary.csv
[Supplement A] Saved figure: F:\实验\ICACR 2026\03_scripts\rice-crayfish-uav-inspection\results\figures\fig13_multi_seed_boxplot.png
         method  high_risk_coverage_rate_mean  high_risk_coverage_rate_std  abnormality_detection_rate_mean  abnormality_detection_rate_std  obstacle_collisions_mean
    Fixed route                      0.487916                     0.111449                         0.508752                        0.032820                       0.0
   Standard CPP                      0.792199                     0.080055                         0.755445                        0.037170                       0.0
  Key-point TSP                      0.767811                     0.104631                         0.562305                        0.076889                       0.0
   IPP baseline                      0.954998                     0.033666                         0.494900                        0.040072                       0.0
Proposed method                      0.971668                     0.019439                         0.823454                        0.038579                       0.0
[Supplement B] Running risk-weight sensitivity experiment...
[Supplement B] Saved table: F:\实验\ICACR 2026\03_scripts\rice-crayfish-uav-inspection\results\tables\table11_weight_sensitivity.csv
[Supplement B] Saved figure: F:\实验\ICACR 2026\03_scripts\rice-crayfish-uav-inspection\results\figures\fig14_weight_sensitivity.png
     weight_scheme  total_distance_m  high_risk_coverage_rate  abnormality_detection_rate  missed_risk_rate  obstacle_collisions
          Balanced      12811.701461                 0.938053                    0.793729          0.206271                    0
     Equal weights      13135.301807                 0.929204                    0.788779          0.211221                    0
   Vision-dominant      12948.006871                 0.902655                    0.749175          0.250825                    0
   Sensor-dominant      12922.193266                 0.920354                    0.792079          0.207921                    0
Structure-dominant      12913.919487                 0.911504                    0.755776          0.244224                    0
[Supplement C] Running abnormality-density sensitivity experiment...
[Supplement C] Saved table: F:\实验\ICACR 2026\03_scripts\rice-crayfish-uav-inspection\results\tables\table12_abnormality_density.csv
[Supplement C] Saved figure: F:\实验\ICACR 2026\03_scripts\rice-crayfish-uav-inspection\results\figures\fig15_abnormality_density.png
density_level          method  truth_cells  high_risk_cells  high_risk_coverage_rate  abnormality_detection_rate  obstacle_collisions
          Low     Fixed route          325               28                 0.571429                    0.366154                    0
          Low    Standard CPP          325               28                 0.750000                    0.747692                    0
          Low Proposed method          325               28                 1.000000                    0.895385                    0
       Medium     Fixed route          478               86                 0.686047                    0.474895                    0
       Medium    Standard CPP          478               86                 0.883721                    0.788703                    0
       Medium Proposed method          478               86                 1.000000                    0.849372                    0
         High     Fixed route          801              166                 0.572289                    0.501873                    0
         High    Standard CPP          801              166                 0.861446                    0.784020                    0
         High Proposed method          801              166                 0.975904                    0.833958                    0
    Very high     Fixed route          948              235                 0.548936                    0.498945                    0
    Very high    Standard CPP          948              235                 0.838298                    0.792194                    0
    Very high Proposed method          948              235                 0.987234                    0.854430                    0
